2025-05-29 14:11:39 - Starting CloneApplication using Java 17.0.10 with PID 22608 (D:\Study Summary\clonecode\back\clone\bin\main started by bule9 in D:\Study Summary\clonecode\back)
2025-05-29 14:11:39 - HV000001: Hibernate Validator 8.0.1.Final
2025-05-29 14:11:39 - No active profile set, falling back to 1 default profile: "default"
2025-05-29 14:11:40 - Devtools property defaults active! Set 'spring.devtools.add-properties' to 'false' to disable
2025-05-29 14:11:40 - For additional web related logging consider setting the 'logging.level.web' property to 'DEBUG'
2025-05-29 14:11:40 - Bootstrapping Spring Data JPA repositories in DEFAULT mode.
2025-05-29 14:11:40 - Finished Spring Data repository scanning in 61 ms. Found 10 JPA repository interfaces.
2025-05-29 14:11:40 - No MyBatis mapper was found in '[com.clonecod.clone]' package. Please check your configuration.
2025-05-29 14:11:41 - Tomcat initialized with port(s): 8080 (http)
2025-05-29 14:11:41 - Initializing ProtocolHandler ["http-nio-8080"]
2025-05-29 14:11:41 - Starting service [Tomcat]
2025-05-29 14:11:41 - Starting Servlet engine: [Apache Tomcat/10.1.15]
2025-05-29 14:11:41 - Initializing Spring embedded WebApplicationContext
2025-05-29 14:11:41 - Root WebApplicationContext: initialization completed in 1418 ms
2025-05-29 14:11:41 - HHH000204: Processing PersistenceUnitInfo [name: default]
2025-05-29 14:11:41 - HHH000412: Hibernate ORM core version 6.2.13.Final
2025-05-29 14:11:41 - HHH000406: Using bytecode reflection optimizer
2025-05-29 14:11:41 - No LoadTimeWeaver setup: ignoring JPA class transformer
2025-05-29 14:11:41 - HikariPool-1 - Starting...
2025-05-29 14:11:42 - HikariPool-1 - Added connection com.mysql.cj.jdbc.ConnectionImpl@20c41bf7
2025-05-29 14:11:42 - HikariPool-1 - Start completed.
2025-05-29 14:11:42 - HHH90000025: MySQL8Dialect does not need to be specified explicitly using 'hibernate.dialect' (remove the property setting and it will be selected by default)
2025-05-29 14:11:42 - HHH90000026: MySQL8Dialect has been deprecated; use org.hibernate.dialect.MySQLDialect instead
2025-05-29 14:11:43 - HHH000489: No JTA platform available (set 'hibernate.transaction.jta.platform' to enable JTA platform integration)
2025-05-29 14:11:43 - 
    alter table bookdetail 
       modify column rating DECIMAL(3,2)
2025-05-29 14:11:43 - Initialized JPA EntityManagerFactory for persistence unit 'default'
2025-05-29 14:11:43 - Using deprecated '-debug' fallback for parameter name resolution. Compile the affected code with '-parameters' instead or avoid its introspection: com.clonecod.clone.repository.BookDetailRepository
2025-05-29 14:11:43 - Hibernate is in classpath; If applicable, HQL parser will be used.
2025-05-29 14:11:43 - Using deprecated '-debug' fallback for parameter name resolution. Compile the affected code with '-parameters' instead or avoid its introspection: com.clonecod.clone.repository.ReviewRepository
2025-05-29 14:11:43 - Using deprecated '-debug' fallback for parameter name resolution. Compile the affected code with '-parameters' instead or avoid its introspection: com.clonecod.clone.repository.EventRepository
2025-05-29 14:11:43 - Using deprecated '-debug' fallback for parameter name resolution. Compile the affected code with '-parameters' instead or avoid its introspection: com.clonecod.clone.repository.EventDetailRepository
2025-05-29 14:11:43 - Using deprecated '-debug' fallback for parameter name resolution. Compile the affected code with '-parameters' instead or avoid its introspection: com.clonecod.clone.repository.MemberRepository
2025-05-29 14:11:43 - Using deprecated '-debug' fallback for parameter name resolution. Compile the affected code with '-parameters' instead or avoid its introspection: com.clonecod.clone.repository.PurchaseRepository
2025-05-29 14:11:43 - Using deprecated '-debug' fallback for parameter name resolution. Compile the affected code with '-parameters' instead or avoid its introspection: com.clonecod.clone.repository.ShoppingCartRepository
2025-05-29 14:11:43 - Using deprecated '-debug' fallback for parameter name resolution. Compile the affected code with '-parameters' instead or avoid its introspection: com.clonecod.clone.repository.SubCategoryRepository
2025-05-29 14:11:44 - spring.jpa.open-in-view is enabled by default. Therefore, database queries may be performed during view rendering. Explicitly configure spring.jpa.open-in-view to disable this warning
2025-05-29 14:11:44 - 

Using generated security password: bb70cfc2-3671-45b8-b131-41423ab5f16e

This generated password is for development use only. Your security configuration must be updated before running your application in production.

2025-05-29 14:11:44 - Will secure any request with [org.springframework.security.web.session.DisableEncodeUrlFilter@44e7c67f, org.springframework.security.web.context.request.async.WebAsyncManagerIntegrationFilter@ea4d68, org.springframework.security.web.context.SecurityContextHolderFilter@64241d55, org.springframework.security.web.header.HeaderWriterFilter@76965238, org.springframework.web.filter.CorsFilter@17b0c88b, org.springframework.security.web.authentication.logout.LogoutFilter@2779a954, org.springframework.security.web.savedrequest.RequestCacheAwareFilter@64544793, org.springframework.security.web.servletapi.SecurityContextHolderAwareRequestFilter@17f9951e, org.springframework.security.web.authentication.AnonymousAuthenticationFilter@57b43c30, org.springframework.security.web.access.ExceptionTranslationFilter@26cc425, org.springframework.security.web.access.intercept.AuthorizationFilter@1a5bc241]
2025-05-29 14:11:44 - LiveReload server is running on port 35729
2025-05-29 14:11:44 - Starting ProtocolHandler ["http-nio-8080"]
2025-05-29 14:11:44 - Tomcat started on port(s): 8080 (http) with context path ''
2025-05-29 14:11:44 - Started CloneApplication in 5.318 seconds (process running for 5.741)
2025-05-29 15:55:35 - HV000001: Hibernate Validator 8.0.1.Final
2025-05-29 15:55:35 - Starting CloneApplication using Java 17.0.10 with PID 25284 (D:\Study Summary\clonecode\back\clone\bin\main started by bule9 in D:\Study Summary\clonecode\back)
2025-05-29 15:55:35 - No active profile set, falling back to 1 default profile: "default"
2025-05-29 15:55:35 - Devtools property defaults active! Set 'spring.devtools.add-properties' to 'false' to disable
2025-05-29 15:55:35 - For additional web related logging consider setting the 'logging.level.web' property to 'DEBUG'
2025-05-29 15:55:35 - Bootstrapping Spring Data JPA repositories in DEFAULT mode.
2025-05-29 15:55:35 - Finished Spring Data repository scanning in 69 ms. Found 10 JPA repository interfaces.
2025-05-29 15:55:36 - No MyBatis mapper was found in '[com.clonecod.clone]' package. Please check your configuration.
2025-05-29 15:55:36 - Tomcat initialized with port(s): 8080 (http)
2025-05-29 15:55:36 - Initializing ProtocolHandler ["http-nio-8080"]
2025-05-29 15:55:36 - Starting service [Tomcat]
2025-05-29 15:55:36 - Starting Servlet engine: [Apache Tomcat/10.1.15]
2025-05-29 15:55:36 - Initializing Spring embedded WebApplicationContext
2025-05-29 15:55:36 - Root WebApplicationContext: initialization completed in 1387 ms
2025-05-29 15:55:36 - HHH000204: Processing PersistenceUnitInfo [name: default]
2025-05-29 15:55:36 - HHH000412: Hibernate ORM core version 6.2.13.Final
2025-05-29 15:55:36 - HHH000406: Using bytecode reflection optimizer
2025-05-29 15:55:37 - No LoadTimeWeaver setup: ignoring JPA class transformer
2025-05-29 15:55:37 - HikariPool-1 - Starting...
2025-05-29 15:55:37 - HikariPool-1 - Added connection com.mysql.cj.jdbc.ConnectionImpl@346c98b5
2025-05-29 15:55:37 - HikariPool-1 - Start completed.
2025-05-29 15:55:37 - HHH90000025: MySQL8Dialect does not need to be specified explicitly using 'hibernate.dialect' (remove the property setting and it will be selected by default)
2025-05-29 15:55:37 - HHH90000026: MySQL8Dialect has been deprecated; use org.hibernate.dialect.MySQLDialect instead
2025-05-29 15:55:38 - HHH000489: No JTA platform available (set 'hibernate.transaction.jta.platform' to enable JTA platform integration)
2025-05-29 15:55:38 - 
    alter table bookdetail 
       modify column rating DECIMAL(3,2)
2025-05-29 15:55:38 - Initialized JPA EntityManagerFactory for persistence unit 'default'
2025-05-29 15:55:38 - Using deprecated '-debug' fallback for parameter name resolution. Compile the affected code with '-parameters' instead or avoid its introspection: com.clonecod.clone.repository.BookDetailRepository
2025-05-29 15:55:38 - Hibernate is in classpath; If applicable, HQL parser will be used.
2025-05-29 15:55:38 - Using deprecated '-debug' fallback for parameter name resolution. Compile the affected code with '-parameters' instead or avoid its introspection: com.clonecod.clone.repository.ReviewRepository
2025-05-29 15:55:38 - Using deprecated '-debug' fallback for parameter name resolution. Compile the affected code with '-parameters' instead or avoid its introspection: com.clonecod.clone.repository.EventRepository
2025-05-29 15:55:38 - Using deprecated '-debug' fallback for parameter name resolution. Compile the affected code with '-parameters' instead or avoid its introspection: com.clonecod.clone.repository.EventDetailRepository
2025-05-29 15:55:38 - Using deprecated '-debug' fallback for parameter name resolution. Compile the affected code with '-parameters' instead or avoid its introspection: com.clonecod.clone.repository.MemberRepository
2025-05-29 15:55:38 - Using deprecated '-debug' fallback for parameter name resolution. Compile the affected code with '-parameters' instead or avoid its introspection: com.clonecod.clone.repository.PurchaseRepository
2025-05-29 15:55:38 - Using deprecated '-debug' fallback for parameter name resolution. Compile the affected code with '-parameters' instead or avoid its introspection: com.clonecod.clone.repository.ShoppingCartRepository
2025-05-29 15:55:39 - Using deprecated '-debug' fallback for parameter name resolution. Compile the affected code with '-parameters' instead or avoid its introspection: com.clonecod.clone.repository.SubCategoryRepository
2025-05-29 15:55:39 - spring.jpa.open-in-view is enabled by default. Therefore, database queries may be performed during view rendering. Explicitly configure spring.jpa.open-in-view to disable this warning
2025-05-29 15:55:39 - 

Using generated security password: 694b32b8-ffe9-47ac-97c6-d50a0e9b3488

This generated password is for development use only. Your security configuration must be updated before running your application in production.

2025-05-29 15:55:39 - Will secure any request with [org.springframework.security.web.session.DisableEncodeUrlFilter@6f413c43, org.springframework.security.web.context.request.async.WebAsyncManagerIntegrationFilter@224e1d06, org.springframework.security.web.context.SecurityContextHolderFilter@129d9703, org.springframework.security.web.header.HeaderWriterFilter@7168e770, org.springframework.web.filter.CorsFilter@75b145cc, org.springframework.security.web.authentication.logout.LogoutFilter@34c6387c, org.springframework.security.web.savedrequest.RequestCacheAwareFilter@4e56fb5a, org.springframework.security.web.servletapi.SecurityContextHolderAwareRequestFilter@10b32037, org.springframework.security.web.authentication.AnonymousAuthenticationFilter@6a8b426f, org.springframework.security.web.access.ExceptionTranslationFilter@32891ecd, org.springframework.security.web.access.intercept.AuthorizationFilter@4a70f643]
2025-05-29 15:55:39 - LiveReload server is running on port 35729
2025-05-29 15:55:39 - Starting ProtocolHandler ["http-nio-8080"]
2025-05-29 15:55:40 - Tomcat started on port(s): 8080 (http) with context path ''
2025-05-29 15:55:40 - Started CloneApplication in 5.195 seconds (process running for 5.646)
2025-05-29 15:56:22 - Initializing Spring DispatcherServlet 'dispatcherServlet'
2025-05-29 15:56:22 - Initializing Servlet 'dispatcherServlet'
2025-05-29 15:56:22 - Completed initialization in 1 ms
